22:48:39.344 [main] INFO  tests.LoginTest - Setting up test environment...
22:48:51.829 [main] INFO  tests.LoginTest - Starting loginTestInValidPassword test...
22:48:52.559 [main] INFO  tests.LoginTest - Login failed with invalid password.
22:48:52.681 [main] INFO  tests.LoginTest - Tearing down test environment...
22:48:53.168 [main] INFO  tests.LoginTest - Setting up test environment...
22:48:58.501 [main] INFO  tests.LoginTest - Starting loginTestInValidUsername test...
22:49:00.125 [main] INFO  tests.LoginTest - Login failed with invalid username.
22:49:00.165 [main] INFO  tests.LoginTest - Tearing down test environment...
22:49:00.544 [main] INFO  tests.LoginTest - Setting up test environment...
22:49:06.086 [main] INFO  tests.LoginTest - Starting loginTestInValidUsernamePassword test...
22:49:07.666 [main] INFO  tests.LoginTest - Login failed with invalid username and password.
22:49:07.692 [main] INFO  tests.LoginTest - Tearing down test environment...
22:49:08.083 [main] INFO  tests.LoginTest - Setting up test environment...
22:49:13.600 [main] INFO  tests.LoginTest - Starting loginTestValidUsernamePassword test...
22:49:15.611 [main] INFO  tests.LoginTest - Login successful with valid username and password.
22:49:15.633 [main] INFO  tests.LoginTest - Tearing down test environment...
23:06:35.578 [main] INFO  tests.LoginTest - Setting up test environment...
23:06:53.771 [main] INFO  tests.LoginTest - Starting loginTestInValidPassword test...
23:06:54.814 [main] INFO  tests.LoginTest - Login failed with invalid password.
23:06:54.889 [main] INFO  tests.LoginTest - Tearing down test environment...
23:06:55.279 [main] INFO  tests.LoginTest - Setting up test environment...
23:07:05.577 [main] INFO  tests.LoginTest - Starting loginTestInValidUsername test...
23:07:06.719 [main] INFO  tests.LoginTest - Login failed with invalid username.
23:07:06.782 [main] INFO  tests.LoginTest - Tearing down test environment...
23:07:07.241 [main] INFO  tests.LoginTest - Setting up test environment...
23:07:10.239 [main] INFO  tests.LoginTest - Starting loginTestInValidUsernamePassword test...
23:07:17.004 [main] INFO  tests.LoginTest - Login failed with invalid username and password.
23:07:17.029 [main] INFO  tests.LoginTest - Tearing down test environment...
23:07:17.404 [main] INFO  tests.LoginTest - Setting up test environment...
23:07:26.654 [main] INFO  tests.LoginTest - Starting loginTestValidUsernamePassword test...
23:07:28.908 [main] INFO  tests.LoginTest - Login successful with valid username and password.
23:07:28.918 [main] INFO  tests.LoginTest - Tearing down test environment...
23:07:29.354 [main] INFO  tests.HomePageTest - Setting up test environment...
23:07:41.438 [main] INFO  tests.HomePageTest - Executing verifyApplyLeaveBtnTest...
23:07:42.720 [main] INFO  tests.HomePageTest - Apply Leave Button is displayed.
23:07:42.738 [main] INFO  tests.HomePageTest - Tearing down test environment...
23:07:43.315 [main] INFO  tests.HomePageTest - Setting up test environment...
23:07:55.432 [main] INFO  tests.HomePageTest - Executing verifyAssignLeaveBtnTest...
23:07:58.083 [main] INFO  tests.HomePageTest - Assign Leave Button is displayed.
23:07:58.096 [main] INFO  tests.HomePageTest - Tearing down test environment...
23:07:58.486 [main] INFO  tests.HomePageTest - Setting up test environment...
23:08:15.432 [main] INFO  tests.HomePageTest - Executing verifyHomePageTitleTest...
23:08:15.440 [main] INFO  tests.HomePageTest - Home page title matched successfully.
23:08:15.452 [main] INFO  tests.HomePageTest - Tearing down test environment...
23:08:15.872 [main] INFO  tests.HomePageTest - Setting up test environment...
23:08:45.560 [main] INFO  tests.HomePageTest - Executing verifyLeaveListBtnTest...
23:08:47.980 [main] INFO  tests.HomePageTest - Leave List Button is displayed.
23:08:48.002 [main] INFO  tests.HomePageTest - Tearing down test environment...
23:08:48.720 [main] INFO  tests.HomePageTest - Setting up test environment...
23:08:59.236 [main] INFO  tests.HomePageTest - Executing verifyMyLeaveBtnTest...
23:09:01.609 [main] INFO  tests.HomePageTest - My Leave Button is displayed.
23:09:01.616 [main] INFO  tests.HomePageTest - Tearing down test environment...
23:09:02.099 [main] INFO  tests.HomePageTest - Setting up test environment...
23:10:44.748 [main] INFO  tests.HomePageTest - Executing verifyMyTimesheetsBtnTest...
23:10:48.188 [main] INFO  tests.HomePageTest - My Timesheets Button is displayed.
23:10:48.198 [main] INFO  tests.HomePageTest - Tearing down test environment...
23:10:48.712 [main] INFO  tests.HomePageTest - Setting up test environment...
23:10:58.227 [main] INFO  tests.HomePageTest - Executing verifyTimesheetsBtnTest...
23:11:00.636 [main] INFO  tests.HomePageTest - Timesheets Button is displayed.
23:11:00.646 [main] INFO  tests.HomePageTest - Tearing down test environment...
23:11:01.071 [main] INFO  tests.HomePageTest - Setting up test environment...
23:11:26.641 [main] INFO  tests.HomePageTest - Executing verifyUsernameIsDisplayed...
23:11:27.116 [main] ERROR tests.HomePageTest - Incorrect username is displayed.
23:11:27.134 [main] INFO  tests.HomePageTest - Tearing down test environment...
23:11:27.540 [main] INFO  tests.AdminPageTest - Setting up test environment...
23:11:38.987 [main] INFO  tests.AdminPageTest - Executing adminBreadcrumbTest...
23:11:39.513 [main] INFO  tests.AdminPageTest - Breadcrumb value is correct.
23:11:39.521 [main] INFO  tests.AdminPageTest - Tearing down test environment...
23:11:39.960 [main] INFO  tests.AdminPageTest - Setting up test environment...
23:11:51.969 [main] INFO  tests.AdminPageTest - Executing urlTest...
23:11:52.021 [main] INFO  tests.AdminPageTest - Current URL: https://opensource-demo.orangehrmlive.com/web/index.php/admin/viewSystemUsers
23:11:52.034 [main] INFO  tests.AdminPageTest - Tearing down test environment...
23:11:52.471 [main] INFO  tests.AdminPageTest - Setting up test environment...
23:12:04.427 [main] INFO  tests.AdminPageTest - Executing verifyFooterLink...
23:12:04.891 [main] INFO  tests.AdminPageTest - Footer link is correct.
23:12:04.897 [main] INFO  tests.AdminPageTest - Tearing down test environment...
23:12:05.347 [main] INFO  tests.AdminPageTest - Setting up test environment...
23:12:17.448 [main] INFO  tests.AdminPageTest - Executing verifyJobTitleHeading...
23:12:19.834 [main] INFO  tests.AdminPageTest - Job Title Heading is correct.
23:12:20.002 [main] INFO  tests.AdminPageTest - Tearing down test environment...
